make.exe all --print-data-base --no-builtin-variables --no-builtin-rules --question
make.exe: *** No rule to make target 'all'.  Stop.

# GNU Make 4.2.1
# Built for Windows32
# Copyright (C) 1988-2016 Free Software Foundation, Inc.
# License GPLv3+: GNU GPL version 3 or later <http://gnu.org/licenses/gpl.html>
# This is free software: you are free to change and redistribute it.
# There is NO WARRANTY, to the extent permitted by law.

# Make data base, printed on Sat Jun 11 14:31:57 2022

# Variables

# 'override' directive
GNUMAKEFLAGS := 
# automatic
<D = $(patsubst %/,%,$(patsubst %\,%,$(dir $<)))
# automatic
?F = $(notdir $?)
# environment
QTMSBUILD = C:\Users\IvanH\AppData\Local\QtMsBuild
# environment
WSLENV = WT_SESSION::WT_PROFILE_ID
# default
.SHELLFLAGS := -c
# makefile
MAKEFLAGS = pqrR
# environment
VSCODE_LOG_NATIVE = false
# automatic
?D = $(patsubst %/,%,$(patsubst %\,%,$(dir $?)))
# automatic
@D = $(patsubst %/,%,$(patsubst %\,%,$(dir $@)))
# environment
HOMEDRIVE = C:
# automatic
@F = $(notdir $@)
# automatic
^D = $(patsubst %/,%,$(patsubst %\,%,$(dir $^)))
# makefile
CURDIR := e:/OOP_MUD_Game
# default
SHELL := sh.exe
# environment
CLION = D:\CLion 2021.2.3\bin;
# environment
WINDIR = C:\WINDOWS
# environment
VSCODE_NLS_CONFIG = {"locale":"zh-cn","availableLanguages":{"*":"zh-cn"},"_languagePackId":"4d12339779e8282869a6d44b7af3df1e.zh-cn","_translationsConfigFile":"C:\\Users\\IvanH\\AppData\\Roaming\\Code\\clp\\4d12339779e8282869a6d44b7af3df1e.zh-cn\\tcf.json","_cacheRoot":"C:\\Users\\IvanH\\AppData\\Roaming\\Code\\clp\\4d12339779e8282869a6d44b7af3df1e.zh-cn","_resolvedLanguagePackCoreLocation":"C:\\Users\\IvanH\\AppData\\Roaming\\Code\\clp\\4d12339779e8282869a6d44b7af3df1e.zh-cn\\4af164ea3a06f701fe3e89a2bcbb421d2026b68f","_corruptedFile":"C:\\Users\\IvanH\\AppData\\Roaming\\Code\\clp\\4d12339779e8282869a6d44b7af3df1e.zh-cn\\corrupted.info","_languagePackSupport":true}
# environment
ONEDRIVE = C:\Users\IvanH\OneDrive
# environment
PUBLIC = C:\Users\Public
# environment
PATHEXT = .COM;.EXE;.BAT;.CMD;.VBS;.VBE;.JS;.JSE;.WSF;.WSH;.MSC;.CPL
# makefile (from 'Makefile', line 1)
MAKEFILE_LIST :=  Makefile
# environment
TMP = C:\Users\IvanH\AppData\Local\Temp
# environment
VSCODE_VERBOSE_LOGGING = true
# environment
PROGRAMW6432 = C:\Program Files
# environment
PROGRAMDATA = C:\ProgramData
# environment
VSCODE_IPC_HOOK_EXTHOST = \\.\pipe\vscode-ipc-ed0c44cc-e4f2-4dd3-8c9d-a63644230758-sock
# environment
VSCODE_CWD = E:\OOP_MUD_Game
# default
MAKE_HOST := Windows32
# environment
PATH = C:\Program Files\Eclipse Adoptium\jdk-17.0.1.12-hotspot\bin;C:\Program Files\Common Files\Oracle\Java\javapath;C:\Program Files (x86)\Common Files\Oracle\Java\javapath;C:\Program Files\Java\jdk-15.0.1\bin;D:\Vim\vim82;C:\WINDOWS\system32;C:\WINDOWS;C:\WINDOWS\System32\Wbem;C:\WINDOWS\System32\WindowsPowerShell\v1.0\;C:\WINDOWS\System32\OpenSSH\;C:\Program Files\dotnet\;D:\Xilinx\Vivado\2017.4\bin;D:\texlive\2021\bin\win32;C:\ProgramData\chocolatey\bin;C:\Users\IvanH\AppData\Local\Programs\Python\Python38\;D:\Desktop\CTF\sqlmap-dev;C:\Program Files\Java\jdk-15.0.2\bin;C:\Program Files\Java\jdk-15.0.2\jre\bin;C:\cmder;C:\Program Files\Docker\Docker\resources\bin;C:\ProgramData\DockerDesktop\version-bin;C:\Program Files\MySQL\MySQL Server 8.0\bin;C:\Program Files\Git\cmd;C:\Program Files\MySQL\MySQL Shell 8.0\bin\;C:\Users\IvanH\AppData\Local\Programs\Python\Python38\Scripts\;C:\Users\IvanH\AppData\Local\Microsoft\WindowsApps;C:\Users\IvanH\AppData\Local\GitHubDesktop\bin;C:\MinGW\bin;D:\modeltech64_10.4\win64;C:\Users\IvanH\.dotnet\tools;D:\Microsoft VS Code\bin;D:\CLion 2021.2.3\bin;D:\cmder
# environment
ONLINESERVICES = Online Services
# environment
COMMONPROGRAMW6432 = C:\Program Files\Common Files
# environment
ZES_ENABLE_SYSMAN = 1
# environment
LC_ALL = C
# environment
CHOCOLATEYLASTPATHUPDATE = 132767680797709090
# environment
PROCESSOR_ARCHITECTURE = AMD64
# environment
USERPROFILE = C:\Users\IvanH
# environment
CHOCOLATEYINSTALL = C:\ProgramData\chocolatey
# environment
ALLUSERSPROFILE = C:\ProgramData
# environment
VSCODE_LOG_STACK = false
# environment
NUMBER_OF_PROCESSORS = 12
# environment
ELECTRON_RUN_AS_NODE = 1
# default
.FEATURES := target-specific order-only second-expansion else-if shortest-stem undefine oneshell archives jobserver output-sync load
# automatic
%F = $(notdir $%)
# environment
CHROME_CRASHPAD_PIPE_NAME = \\.\pipe\crashpad_2260_HWMMLWEGQZIROZXS
# environment
VSCODE_PIPE_LOGGING = true
# environment
COMPUTERNAME = LAPTOP-CCFHHGVA
# environment
PROGRAMFILES = C:\Program Files
# default
.LOADED := 
# environment
DRIVERDATA = C:\Windows\System32\Drivers\DriverData
# environment
ASL.LOG = Destination=file
# environment
ORIGINAL_XDG_CURRENT_DESKTOP = undefined
# environment
WT_SESSION = d93545b1-360c-4a9d-9bac-1312c9eb6ae8
# environment
USERNAME = IvanH
# environment
MGLS_LICENSE_FILE = D:\modeltech64_10.4\win64\LICENSE.TXT
# environment
KMP_DUPLICATE_LIB_OK = TRUE
# environment
VSCODE_AMD_ENTRYPOINT = vs/workbench/api/node/extensionHostProcess
# environment
VSCODE_CLI = 1
# environment
VSCODE_CODE_CACHE_PATH = C:\Users\IvanH\AppData\Roaming\Code\CachedData\4af164ea3a06f701fe3e89a2bcbb421d2026b68f
# environment
APPLICATION_INSIGHTS_NO_DIAGNOSTIC_CHANNEL = 1
# environment
COMMONPROGRAMFILES = C:\Program Files\Common Files
# environment
LOGONSERVER = \\LAPTOP-CCFHHGVA
# environment
ONEDRIVECONSUMER = C:\Users\IvanH\OneDrive
# environment
VSCODE_HANDLES_UNCAUGHT_ERRORS = true
# environment
USERDOMAIN = LAPTOP-CCFHHGVA
# environment
MAKELEVEL := 0
# default
MAKE = $(MAKE_COMMAND)
# default
MAKECMDGOALS := all
# makefile (from 'Makefile', line 2)
include_file = include/*.h
# default
MAKE_VERSION := 4.2.1
# makefile
.DEFAULT_GOAL := One_Way_Out.exe
# environment
CLASSPATH = C:\Program Files\Java\jdk-15.0.2\bin;C:\Program Files\Java\jdk-15.0.2\dt.jar;C:\Program Files\Java\jdk-15.0.2\lib\tools.jar
# environment
PROGRAMFILES(X86) = C:\Program Files (x86)
# automatic
%D = $(patsubst %/,%,$(patsubst %\,%,$(dir $%)))
# environment
LOCALAPPDATA = C:\Users\IvanH\AppData\Local
# environment
PSMODULEPATH = C:\Users\IvanH\Documents\WindowsPowerShell\Modules;C:\Program Files\WindowsPowerShell\Modules;C:\WINDOWS\system32\WindowsPowerShell\v1.0\Modules
# default
MAKE_COMMAND := make.exe
# environment
CMDER = D:\cmder\Cmder.exe
# default
.VARIABLES := 
# automatic
*F = $(notdir $*)
# environment
PROCESSOR_IDENTIFIER = Intel64 Family 6 Model 165 Stepping 2, GenuineIntel
# environment
OS = Windows_NT
# environment
VSCODE_IPC_HOOK = \\.\pipe\2d48f20f2f755c696283148fe84d806b-1.68.0-main-sock
# environment
HOMEPATH = \Users\IvanH
# makefile (from 'Makefile', line 1)
src_file = main.cpp src/*.cpp
# environment
COMMONPROGRAMFILES(X86) = C:\Program Files (x86)\Common Files
# environment
PROMPT = $P$G
# environment
MFLAGS = -pqrR
# automatic
*D = $(patsubst %/,%,$(patsubst %\,%,$(dir $*)))
# environment
REGIONCODE = APJ
# environment
SYSTEMROOT = C:\WINDOWS
# automatic
+D = $(patsubst %/,%,$(patsubst %\,%,$(dir $+)))
# environment
PLATFORMCODE = KV
# automatic
+F = $(notdir $+)
# environment
APPDATA = C:\Users\IvanH\AppData\Roaming
# environment
TEMP = C:\Users\IvanH\AppData\Local\Temp
# environment
WT_PROFILE_ID = {61c54bbd-c2c6-5271-96e7-009a87ff44bf}
# environment
COMSPEC = C:\WINDOWS\system32\cmd.exe
# default
MAKEFILES := 
# automatic
<F = $(notdir $<)
# environment
VS160COMCOMNTOOLS = C:\Program Files (x86)\Microsoft Visual Studio\2019\Community\Common7\Tools\
# environment
MKL_SERIAL = YES
# environment
ELECTRON_NO_ATTACH_CONSOLE = 1
# automatic
^F = $(notdir $^)
# default
SUFFIXES := 
# environment
SYSTEMDRIVE = C:
# environment
PROCESSOR_REVISION = a502
# default
.INCLUDE_DIRS = .
# default
.RECIPEPREFIX := 
# environment
LANG = C
# environment
PROCESSOR_LEVEL = 6
# environment
VSCODE_PID = 2260
# environment
USERDOMAIN_ROAMINGPROFILE = LAPTOP-CCFHHGVA
# variable set hash-table stats:
# Load=113/1024=11%, Rehash=0, Collisions=20/137=15%

# Pattern-specific Variable Values

# No pattern-specific variable values.

# Directories

# include (key e:/OOP_MUD_Game/include, mtime 1654928980): 11 files, no impossibilities.
# . (key e:/OOP_MUD_Game, mtime 1654929044): 14 files, no impossibilities.
# src (key e:/OOP_MUD_Game/src, mtime 1654928980): 11 files, no impossibilities.

# 36 files, no impossibilities in 3 directories.

# Implicit Rules

# No implicit rules.

# Files

# Not a target:
include/map.h:
#  Implicit rule search has not been done.
#  Modification time never checked.
#  File has not been updated.

# Not a target:
all:
#  Command line target.
#  Implicit rule search has been done.
#  File does not exist.
#  File has not been updated.

.PHONY: clean
#  Implicit rule search has not been done.
#  Modification time never checked.
#  File has not been updated.

# Not a target:
include/environment_setting.h:
#  Implicit rule search has not been done.
#  Modification time never checked.
#  File has not been updated.

# Not a target:
include/start_menu.h:
#  Implicit rule search has not been done.
#  Modification time never checked.
#  File has not been updated.

# Not a target:
include/play_music.h:
#  Implicit rule search has not been done.
#  Modification time never checked.
#  File has not been updated.

# Not a target:
Makefile:
#  Implicit rule search has been done.
#  Last modified 2022-06-03 13:09:55
#  File has been updated.
#  Successfully updated.

# Not a target:
include/IO.h:
#  Implicit rule search has not been done.
#  Modification time never checked.
#  File has not been updated.

# Not a target:
src/map.cpp:
#  Implicit rule search has not been done.
#  Modification time never checked.
#  File has not been updated.

# Not a target:
src/environment_setting.cpp:
#  Implicit rule search has not been done.
#  Modification time never checked.
#  File has not been updated.

# Not a target:
include/attributes.h:
#  Implicit rule search has not been done.
#  Modification time never checked.
#  File has not been updated.

# Not a target:
main.cpp:
#  Implicit rule search has not been done.
#  Modification time never checked.
#  File has not been updated.

# Not a target:
src/start_menu.cpp:
#  Implicit rule search has not been done.
#  Modification time never checked.
#  File has not been updated.

# Not a target:
src/play_music.cpp:
#  Implicit rule search has not been done.
#  Modification time never checked.
#  File has not been updated.

# Not a target:
include/about_us.h:
#  Implicit rule search has not been done.
#  Modification time never checked.
#  File has not been updated.

# Not a target:
include/food.h:
#  Implicit rule search has not been done.
#  Modification time never checked.
#  File has not been updated.

# Not a target:
src/IO.cpp:
#  Implicit rule search has not been done.
#  Modification time never checked.
#  File has not been updated.

# Not a target:
include/interact.h:
#  Implicit rule search has not been done.
#  Modification time never checked.
#  File has not been updated.

# Not a target:
.DEFAULT:
#  Implicit rule search has not been done.
#  Modification time never checked.
#  File has not been updated.

# Not a target:
src/attributes.cpp:
#  Implicit rule search has not been done.
#  Modification time never checked.
#  File has not been updated.

# Not a target:
src/about_us.cpp:
#  Implicit rule search has not been done.
#  Modification time never checked.
#  File has not been updated.

clean:
#  Phony target (prerequisite of .PHONY).
#  Implicit rule search has not been done.
#  File does not exist.
#  File has not been updated.
#  recipe to execute (from 'Makefile', line 9):
	del *.exe 

# Not a target:
src/food.cpp:
#  Implicit rule search has not been done.
#  Modification time never checked.
#  File has not been updated.

# Not a target:
src/interact.cpp:
#  Implicit rule search has not been done.
#  Modification time never checked.
#  File has not been updated.

One_Way_Out.exe: main.cpp src/play_music.cpp src/food.cpp src/attributes.cpp src/IO.cpp src/environment_setting.cpp src/interact.cpp src/start_menu.cpp src/map.cpp src/about_us.cpp include/start_menu.h include/map.h include/about_us.h include/play_music.h include/food.h include/attributes.h include/IO.h include/environment_setting.h include/interact.h
#  Implicit rule search has not been done.
#  Modification time never checked.
#  File has not been updated.
#  recipe to execute (from 'Makefile', line 4):
	g++ main.cpp src/start_menu.cpp src/attributes.cpp src/map.cpp src/IO.cpp src/play_music.cpp \
	src/environment_setting.cpp src/about_us.cpp src/interact.cpp -o One_Way_Out.exe -lwinmm

# files hash-table stats:
# Load=26/1024=3%, Rehash=0, Collisions=0/57=0%
# VPATH Search Paths

# No 'vpath' search paths.

# No general ('VPATH' variable) search path.

# strcache buffers: 1 (0) / strings = 55 / storage = 677 B / avg = 12 B
# current buf: size = 8162 B / used = 677 B / count = 55 / avg = 12 B

# strcache performance: lookups = 71 / hit rate = 22%
# hash-table stats:
# Load=55/8192=1%, Rehash=0, Collisions=3/71=4%
# Finished Make data base on Sat Jun 11 14:31:57 2022

 
